{"/Users/leandro.paranhos/Documents/projects/curso-svelte/src/api/http.js": {"path":"/Users/leandro.paranhos/Documents/projects/curso-svelte/src/api/http.js","statementMap":{"0":{"start":{"line":4,"column":23},"end":{"line":4,"column":57}},"1":{"start":{"line":6,"column":20},"end":{"line":8,"column":2}}},"fnMap":{},"branchMap":{},"s":{"0":4,"1":4},"f":{},"b":{},"_coverageSchema":"1a1c01bbd47fc00a2c39e90264f33305004495a9","hash":"1b621f9c0af97bb35b68e2b64a1af6fbb07ac37a"}
,"/Users/leandro.paranhos/Documents/projects/curso-svelte/src/api/movie-api.js": {"path":"/Users/leandro.paranhos/Documents/projects/curso-svelte/src/api/movie-api.js","statementMap":{"0":{"start":{"line":4,"column":33},"end":{"line":4,"column":70}},"1":{"start":{"line":6,"column":27},"end":{"line":16,"column":1}},"2":{"start":{"line":9,"column":6},"end":{"line":9,"column":62}},"3":{"start":{"line":11,"column":2},"end":{"line":15,"column":5}},"4":{"start":{"line":18,"column":27},"end":{"line":22,"column":1}},"5":{"start":{"line":19,"column":2},"end":{"line":21,"column":5}}},"fnMap":{"0":{"name":"(anonymous_0)","decl":{"start":{"line":6,"column":27},"end":{"line":6,"column":28}},"loc":{"start":{"line":6,"column":43},"end":{"line":16,"column":1}},"line":6},"1":{"name":"(anonymous_1)","decl":{"start":{"line":18,"column":27},"end":{"line":18,"column":28}},"loc":{"start":{"line":18,"column":34},"end":{"line":22,"column":1}},"line":18}},"branchMap":{},"s":{"0":4,"1":4,"2":0,"3":0,"4":4,"5":0},"f":{"0":0,"1":0},"b":{},"_coverageSchema":"1a1c01bbd47fc00a2c39e90264f33305004495a9","hash":"023e25dab45f59dd5de51ec9213baff86c9387e6"}
,"/Users/leandro.paranhos/Documents/projects/curso-svelte/src/features/Movies/MovieCard.svelte": {"path":"/Users/leandro.paranhos/Documents/projects/curso-svelte/src/features/Movies/MovieCard.svelte","statementMap":{"0":{"start":{"line":2,"column":28},"end":{"line":2,"column":null}},"1":{"start":{"line":20,"column":9},"end":{"line":20,"column":null}},"2":{"start":{"line":24,"column":30},"end":{"line":24,"column":64}},"3":{"start":{"line":24,"column":64},"end":{"line":24,"column":null}},"4":{"start":{"line":27,"column":50},"end":{"line":27,"column":null}},"5":{"start":{"line":29,"column":45},"end":{"line":29,"column":null}},"6":{"start":{"line":12,"column":16},"end":{"line":12,"column":null}},"7":{"start":{"line":12,"column":55},"end":{"line":12,"column":null}},"8":{"start":{"line":13,"column":15},"end":{"line":13,"column":null}},"9":{"start":{"line":14,"column":24},"end":{"line":14,"column":null}},"10":{"start":{"line":20,"column":20},"end":{"line":20,"column":null}},"11":{"start":{"line":24,"column":48},"end":{"line":24,"column":64}},"12":{"start":{"line":24,"column":80},"end":{"line":24,"column":null}},"13":{"start":{"line":27,"column":69},"end":{"line":27,"column":null}},"14":{"start":{"line":29,"column":59},"end":{"line":29,"column":null}},"15":{"start":{"line":3,"column":18},"end":{"line":3,"column":null}}},"fnMap":{},"branchMap":{"0":{"loc":{"start":{"line":12,"column":16},"end":{"line":12,"column":null}},"type":"if","locations":[{"start":{"line":12,"column":16},"end":{"line":12,"column":null}},{"start":{"line":12,"column":16},"end":{"line":12,"column":null}}]},"1":{"loc":{"start":{"line":12,"column":16},"end":{"line":12,"column":33}},"type":"binary-expr","locations":[{"start":{"line":12,"column":16},"end":{"line":12,"column":33}},{"start":{"line":12,"column":16},"end":{"line":12,"column":null}}]},"2":{"loc":{"start":{"line":13,"column":15},"end":{"line":13,"column":20}},"type":"binary-expr","locations":[{"start":{"line":13,"column":15},"end":{"line":13,"column":20}},{"start":{"line":13,"column":15},"end":{"line":13,"column":null}}]},"3":{"loc":{"start":{"line":14,"column":24},"end":{"line":14,"column":29}},"type":"binary-expr","locations":[{"start":{"line":14,"column":24},"end":{"line":14,"column":29}},{"start":{"line":14,"column":24},"end":{"line":14,"column":null}}]},"4":{"loc":{"start":{"line":20,"column":9},"end":{"line":20,"column":null}},"type":"if","locations":[{"start":{"line":20,"column":9},"end":{"line":20,"column":null}},{"start":{"line":20,"column":9},"end":{"line":20,"column":null}}]},"5":{"loc":{"start":{"line":20,"column":9},"end":{"line":20,"column":14}},"type":"binary-expr","locations":[{"start":{"line":20,"column":9},"end":{"line":20,"column":14}},{"start":{"line":20,"column":9},"end":{"line":20,"column":null}}]},"6":{"loc":{"start":{"line":24,"column":30},"end":{"line":24,"column":64}},"type":"if","locations":[{"start":{"line":24,"column":30},"end":{"line":24,"column":64}},{"start":{"line":24,"column":30},"end":{"line":24,"column":64}}]},"7":{"loc":{"start":{"line":24,"column":30},"end":{"line":24,"column":35}},"type":"binary-expr","locations":[{"start":{"line":24,"column":30},"end":{"line":24,"column":35}},{"start":{"line":24,"column":30},"end":{"line":24,"column":64}}]},"8":{"loc":{"start":{"line":24,"column":64},"end":{"line":24,"column":null}},"type":"if","locations":[{"start":{"line":24,"column":64},"end":{"line":24,"column":null}},{"start":{"line":24,"column":64},"end":{"line":24,"column":null}}]},"9":{"loc":{"start":{"line":24,"column":64},"end":{"line":24,"column":69}},"type":"binary-expr","locations":[{"start":{"line":24,"column":64},"end":{"line":24,"column":69}},{"start":{"line":24,"column":64},"end":{"line":24,"column":null}}]},"10":{"loc":{"start":{"line":27,"column":50},"end":{"line":27,"column":null}},"type":"if","locations":[{"start":{"line":27,"column":50},"end":{"line":27,"column":null}},{"start":{"line":27,"column":50},"end":{"line":27,"column":null}}]},"11":{"loc":{"start":{"line":27,"column":50},"end":{"line":27,"column":55}},"type":"binary-expr","locations":[{"start":{"line":27,"column":50},"end":{"line":27,"column":55}},{"start":{"line":27,"column":50},"end":{"line":27,"column":null}}]},"12":{"loc":{"start":{"line":29,"column":45},"end":{"line":29,"column":null}},"type":"if","locations":[{"start":{"line":29,"column":45},"end":{"line":29,"column":null}},{"start":{"line":29,"column":45},"end":{"line":29,"column":null}}]},"13":{"loc":{"start":{"line":29,"column":45},"end":{"line":29,"column":50}},"type":"binary-expr","locations":[{"start":{"line":29,"column":45},"end":{"line":29,"column":50}},{"start":{"line":29,"column":45},"end":{"line":29,"column":null}}]}},"s":{"0":3,"1":12,"2":12,"3":12,"4":12,"5":12,"6":12,"7":12,"8":12,"9":12,"10":0,"11":0,"12":0,"13":0,"14":0,"15":12},"f":{},"b":{"0":[12,0],"1":[0,0],"2":[0,0],"3":[0,0],"4":[0,0],"5":[0,0],"6":[0,0],"7":[0,0],"8":[0,0],"9":[0,0],"10":[0,0],"11":[0,0],"12":[0,0],"13":[0,0]}}
,"/Users/leandro.paranhos/Documents/projects/curso-svelte/src/features/Movies/MovieList.svelte": {"path":"/Users/leandro.paranhos/Documents/projects/curso-svelte/src/features/Movies/MovieList.svelte","statementMap":{"0":{"start":{"line":2,"column":14},"end":{"line":2,"column":null}},"1":{"start":{"line":3,"column":18},"end":{"line":3,"column":null}},"2":{"start":{"line":4,"column":24},"end":{"line":4,"column":null}},"3":{"start":{"line":25,"column":15},"end":{"line":25,"column":null}},"4":{"start":{"line":25,"column":10},"end":{"line":25,"column":14}},"5":{"start":{"line":23,"column":18},"end":{"line":23,"column":null}},"6":{"start":{"line":24,"column":19},"end":{"line":24,"column":null}},"7":{"start":{"line":29,"column":30},"end":{"line":29,"column":null}},"8":{"start":{"line":28,"column":22},"end":{"line":28,"column":null}},"9":{"start":{"line":14,"column":9},"end":{"line":14,"column":null}},"10":{"start":{"line":19,"column":9},"end":{"line":19,"column":null}},"11":{"start":{"line":6,"column":16},"end":{"line":6,"column":20}},"12":{"start":{"line":8,"column":22},"end":{"line":9,"column":null}},"13":{"start":{"line":9,"column":4},"end":{"line":9,"column":null}}},"fnMap":{"0":{"name":"(anonymous_35)","decl":{"start":{"line":8,"column":22},"end":{"line":8,"column":24}},"loc":{"start":{"line":9,"column":4},"end":{"line":9,"column":null}}}},"branchMap":{"0":{"loc":{"start":{"line":23,"column":18},"end":{"line":23,"column":null}},"type":"if","locations":[{"start":{"line":23,"column":18},"end":{"line":23,"column":null}},{"start":{"line":23,"column":18},"end":{"line":23,"column":null}}]},"1":{"loc":{"start":{"line":28,"column":22},"end":{"line":28,"column":null}},"type":"if","locations":[{"start":{"line":28,"column":22},"end":{"line":28,"column":null}},{"start":{"line":28,"column":22},"end":{"line":28,"column":null}}]},"2":{"loc":{"start":{"line":14,"column":9},"end":{"line":14,"column":27}},"type":"binary-expr","locations":[{"start":{"line":14,"column":9},"end":{"line":14,"column":27}},{"start":{"line":14,"column":27},"end":{"line":14,"column":46}},{"start":{"line":14,"column":46},"end":{"line":14,"column":null}}]},"3":{"loc":{"start":{"line":19,"column":9},"end":{"line":19,"column":23}},"type":"binary-expr","locations":[{"start":{"line":19,"column":9},"end":{"line":19,"column":23}},{"start":{"line":19,"column":23},"end":{"line":19,"column":null}}]},"4":{"loc":{"start":{"line":14,"column":9},"end":{"line":14,"column":27}},"type":"binary-expr","locations":[{"start":{"line":14,"column":9},"end":{"line":14,"column":27}},{"start":{"line":14,"column":27},"end":{"line":14,"column":46}}]},"5":{"loc":{"start":{"line":9,"column":22},"end":{"line":9,"column":41}},"type":"cond-expr","locations":[{"start":{"line":9,"column":22},"end":{"line":9,"column":41}},{"start":{"line":9,"column":41},"end":{"line":9,"column":null}}]}},"s":{"0":2,"1":2,"2":2,"3":10,"4":5,"5":0,"6":0,"7":20,"8":5,"9":7,"10":7,"11":7,"12":7,"13":5},"f":{"0":5},"b":{"0":[0,0],"1":[0,5],"2":[7,6,1],"3":[7,5],"4":[5,5],"5":[1,4]}}
,"/Users/leandro.paranhos/Documents/projects/curso-svelte/src/features/Movies/MovieSearch.svelte": {"path":"/Users/leandro.paranhos/Documents/projects/curso-svelte/src/features/Movies/MovieSearch.svelte","statementMap":{"0":{"start":{"line":2,"column":35},"end":{"line":2,"column":null}},"1":{"start":{"line":3,"column":16},"end":{"line":3,"column":null}},"2":{"start":{"line":36,"column":20},"end":{"line":36,"column":null}},"3":{"start":{"line":5,"column":13},"end":{"line":5,"column":15}},"4":{"start":{"line":8,"column":4},"end":{"line":8,"column":null}},"5":{"start":{"line":12,"column":4},"end":{"line":12,"column":null}}},"fnMap":{},"branchMap":{"0":{"loc":{"start":{"line":11,"column":9},"end":{"line":11,"column":27}},"type":"binary-expr","locations":[{"start":{"line":11,"column":9},"end":{"line":11,"column":27}},{"start":{"line":11,"column":31},"end":{"line":11,"column":42}}]}},"s":{"0":2,"1":2,"2":11,"3":5,"4":1,"5":2},"f":{},"b":{"0":[8,3]}}
,"/Users/leandro.paranhos/Documents/projects/curso-svelte/src/features/Movies/Movies.svelte": {"path":"/Users/leandro.paranhos/Documents/projects/curso-svelte/src/features/Movies/Movies.svelte","statementMap":{"0":{"start":{"line":2,"column":20},"end":{"line":2,"column":null}},"1":{"start":{"line":3,"column":18},"end":{"line":3,"column":null}}},"fnMap":{},"branchMap":{},"s":{"0":1,"1":1},"f":{},"b":{}}
,"/Users/leandro.paranhos/Documents/projects/curso-svelte/src/store/index.js": {"path":"/Users/leandro.paranhos/Documents/projects/curso-svelte/src/store/index.js","statementMap":{"0":{"start":{"line":3,"column":29},"end":{"line":6,"column":1}},"1":{"start":{"line":8,"column":21},"end":{"line":8,"column":49}},"2":{"start":{"line":10,"column":22},"end":{"line":18,"column":2}},"3":{"start":{"line":11,"column":4},"end":{"line":17,"column":10}},"4":{"start":{"line":12,"column":25},"end":{"line":12,"column":53}},"5":{"start":{"line":14,"column":12},"end":{"line":14,"column":84}},"6":{"start":{"line":16,"column":12},"end":{"line":16,"column":25}}},"fnMap":{"0":{"name":"(anonymous_0)","decl":{"start":{"line":10,"column":37},"end":{"line":10,"column":38}},"loc":{"start":{"line":10,"column":46},"end":{"line":18,"column":1}},"line":10},"1":{"name":"(anonymous_1)","decl":{"start":{"line":12,"column":16},"end":{"line":12,"column":17}},"loc":{"start":{"line":12,"column":25},"end":{"line":12,"column":53}},"line":12},"2":{"name":"(anonymous_2)","decl":{"start":{"line":13,"column":13},"end":{"line":13,"column":14}},"loc":{"start":{"line":13,"column":22},"end":{"line":17,"column":9}},"line":13}},"branchMap":{},"s":{"0":5,"1":5,"2":5,"3":7,"4":15,"5":10,"6":10},"f":{"0":7,"1":15,"2":10},"b":{},"_coverageSchema":"1a1c01bbd47fc00a2c39e90264f33305004495a9","hash":"1a38d3b49d94831c6b4e564f41c0c98bf068e104"}
}
