TN:
SF:src/api/http.js
FNF:0
FNH:0
DA:4,4
DA:6,4
LF:2
LH:2
BRF:0
BRH:0
end_of_record
TN:
SF:src/api/movie-api.js
FN:6,(anonymous_0)
FN:18,(anonymous_1)
FNF:2
FNH:0
FNDA:0,(anonymous_0)
FNDA:0,(anonymous_1)
DA:4,4
DA:6,4
DA:9,0
DA:11,0
DA:18,4
DA:19,0
LF:6
LH:3
BRF:0
BRH:0
end_of_record
TN:
SF:src/features/Movies/MovieCard.svelte
FNF:0
FNH:0
DA:2,3
DA:3,12
DA:12,12
DA:13,12
DA:14,12
DA:20,12
DA:24,12
DA:27,12
DA:29,12
LF:9
LH:9
BRDA:12,0,0,12
BRDA:12,0,1,0
BRDA:12,1,0,0
BRDA:12,1,1,0
BRDA:13,2,0,0
BRDA:13,2,1,0
BRDA:14,3,0,0
BRDA:14,3,1,0
BRDA:20,4,0,0
BRDA:20,4,1,0
BRDA:20,5,0,0
BRDA:20,5,1,0
BRDA:24,6,0,0
BRDA:24,6,1,0
BRDA:24,7,0,0
BRDA:24,7,1,0
BRDA:24,8,0,0
BRDA:24,8,1,0
BRDA:24,9,0,0
BRDA:24,9,1,0
BRDA:27,10,0,0
BRDA:27,10,1,0
BRDA:27,11,0,0
BRDA:27,11,1,0
BRDA:29,12,0,0
BRDA:29,12,1,0
BRDA:29,13,0,0
BRDA:29,13,1,0
BRF:28
BRH:1
end_of_record
TN:
SF:src/features/Movies/MovieList.svelte
FN:8,(anonymous_35)
FNF:1
FNH:1
FNDA:5,(anonymous_35)
DA:2,2
DA:3,2
DA:4,2
DA:6,7
DA:8,7
DA:9,5
DA:14,7
DA:19,7
DA:23,0
DA:24,0
DA:25,10
DA:28,5
DA:29,20
LF:13
LH:11
BRDA:23,0,0,0
BRDA:23,0,1,0
BRDA:28,1,0,0
BRDA:28,1,1,5
BRDA:14,2,0,7
BRDA:14,2,1,6
BRDA:14,2,2,1
BRDA:19,3,0,7
BRDA:19,3,1,5
BRDA:14,4,0,5
BRDA:14,4,1,5
BRDA:9,5,0,1
BRDA:9,5,1,4
BRF:13
BRH:10
end_of_record
TN:
SF:src/features/Movies/MovieSearch.svelte
FNF:0
FNH:0
DA:2,2
DA:3,2
DA:5,5
DA:8,1
DA:12,2
DA:36,11
LF:6
LH:6
BRDA:11,0,0,8
BRDA:11,0,1,3
BRF:2
BRH:2
end_of_record
TN:
SF:src/features/Movies/Movies.svelte
FNF:0
FNH:0
DA:2,1
DA:3,1
LF:2
LH:2
BRF:0
BRH:0
end_of_record
TN:
SF:src/store/index.js
FN:10,(anonymous_0)
FN:12,(anonymous_1)
FN:13,(anonymous_2)
FNF:3
FNH:3
FNDA:7,(anonymous_0)
FNDA:15,(anonymous_1)
FNDA:10,(anonymous_2)
DA:3,5
DA:8,5
DA:10,5
DA:11,7
DA:12,15
DA:14,10
DA:16,10
LF:7
LH:7
BRF:0
BRH:0
end_of_record
